<?xml version="1.0" encoding="UTF-8"?>
<testsuite xmlns:xsi="http://www.w3.org/2001/XMLSchema-instance" xsi:noNamespaceSchemaLocation="https://maven.apache.org/surefire/maven-surefire-plugin/xsd/surefire-test-report-3.0.xsd" version="3.0" name="com.kanban.service.StockCacheServiceTest" time="0.829" tests="10" errors="0" skipped="0" failures="0">
  <properties>
[...]
</properties>
  <testcase name="getCachedStockSnapshot_CacheMiss_ReturnsNull" classname="com.kanban.service.StockCacheServiceTest" time="0.781"/>
  <testcase name="getCacheStats_ReturnsValidStats" classname="com.kanban.service.StockCacheServiceTest" time="0.007"/>
  <testcase name="getCachedStockValidation_CacheHit_ReturnsBoolean" classname="com.kanban.service.StockCacheServiceTest" time="0.002"/>
  <testcase name="getCachedStockSnapshot_StaleData_RemovesFromCache" classname="com.kanban.service.StockCacheServiceTest" time="0.006"/>
  <testcase name="cacheStockSnapshot_NullSnapshot_DoesNotCache" classname="com.kanban.service.StockCacheServiceTest" time="0.002"/>
  <testcase name="getCachedStockSnapshot_CacheHit_ReturnsSnapshot" classname="com.kanban.service.StockCacheServiceTest" time="0.004"/>
  <testcase name="cacheHistoricalData_ValidData_CachesWithLongTtl" classname="com.kanban.service.StockCacheServiceTest" time="0.002"/>
  <testcase name="cacheBatchStockSnapshots_ValidSnapshots_CachesAll" classname="com.kanban.service.StockCacheServiceTest" time="0.003"/>
  <testcase name="evictStockCache_ValidStockCode_DeletesRelatedKeys" classname="com.kanban.service.StockCacheServiceTest" time="0.001"/>
  <testcase name="cacheStockSnapshot_ValidSnapshot_CachesWithCorrectTtl" classname="com.kanban.service.StockCacheServiceTest" time="0.001"/>
</testsuite>